<?xml version="1.0" encoding="UTF-8"?>
<!-- Generated by org.testng.reporters.JUnitXMLReporter -->
<testsuite ignored="0" hostname="DESKTOP-EBG4U9O" failures="0" tests="5" name="Test" time="19.939" errors="0" timestamp="2024-11-19T11:51:32 IST">
  <testcase classname="TestNGExeceution.blinkIt" name="blikITlaunch" time="5.25"/>
  <testcase classname="TestNGExeceution.KFC" name="kfclaunch" time="2.744"/>
  <testcase classname="TestNGExeceution.foodPanda" name="FoodPandalaunch" time="5.759"/>
  <testcase classname="TestNGExeceution.zomato" name="zomatolaunch" time="3.932"/>
  <testcase classname="TestNGExeceution.Swiggy" name="Swiggylaunch" time="2.197"/>
</testsuite> <!-- Test -->
