<?xml version="1.0" encoding="UTF-8"?>
<testng-results ignored="0" total="1" passed="1" failed="0" skipped="0">
  <reporter-output>
    <line>
      <![CDATA[BeforeSuite is getting Launched]]>
    </line>
    <line>
      <![CDATA[BeforeTest is getting Launched]]>
    </line>
    <line>
      <![CDATA[Beforeclass is getting Launched]]>
    </line>
    <line>
      <![CDATA[BeforeMethod is getting Launched]]>
    </line>
    <line>
      <![CDATA[main method]]>
    </line>
    <line>
      <![CDATA[Aftermethod is getting Launched]]>
    </line>
    <line>
      <![CDATA[AfterClass is getting Launched]]>
    </line>
    <line>
      <![CDATA[AfterTest is getting Launched]]>
    </line>
    <line>
      <![CDATA[AfterSuite is getting Launched]]>
    </line>
  </reporter-output>
  <suite started-at="2024-11-19T13:35:15 IST" name="Default suite" finished-at="2024-11-19T13:35:15 IST" duration-ms="47">
    <groups>
    </groups>
    <test started-at="2024-11-19T13:35:15 IST" name="Default test" finished-at="2024-11-19T13:35:15 IST" duration-ms="47">
      <class name="TestNg.ChronolgyOrders">
        <test-method is-config="true" signature="beforesuite()[pri:0, instance:TestNg.ChronolgyOrders@56620197]" started-at="2024-11-19T13:35:15 IST" name="beforesuite" finished-at="2024-11-19T13:35:15 IST" duration-ms="10" status="PASS">
          <reporter-output>
            <line>
              <![CDATA[BeforeSuite is getting Launched]]>
            </line>
          </reporter-output>
        </test-method> <!-- beforesuite -->
        <test-method is-config="true" signature="beforeTest()[pri:0, instance:TestNg.ChronolgyOrders@56620197]" started-at="2024-11-19T13:35:15 IST" name="beforeTest" finished-at="2024-11-19T13:35:15 IST" duration-ms="1" status="PASS">
          <reporter-output>
            <line>
              <![CDATA[BeforeTest is getting Launched]]>
            </line>
          </reporter-output>
        </test-method> <!-- beforeTest -->
        <test-method is-config="true" signature="beforeClass()[pri:0, instance:TestNg.ChronolgyOrders@56620197]" started-at="2024-11-19T13:35:15 IST" name="beforeClass" finished-at="2024-11-19T13:35:15 IST" duration-ms="1" status="PASS">
          <reporter-output>
            <line>
              <![CDATA[Beforeclass is getting Launched]]>
            </line>
          </reporter-output>
        </test-method> <!-- beforeClass -->
        <test-method is-config="true" signature="beforeMethod()[pri:0, instance:TestNg.ChronolgyOrders@56620197]" started-at="2024-11-19T13:35:15 IST" name="beforeMethod" finished-at="2024-11-19T13:35:15 IST" duration-ms="0" status="PASS">
          <reporter-output>
            <line>
              <![CDATA[BeforeMethod is getting Launched]]>
            </line>
          </reporter-output>
        </test-method> <!-- beforeMethod -->
        <test-method signature="MainMethod()[pri:0, instance:TestNg.ChronolgyOrders@56620197]" started-at="2024-11-19T13:35:15 IST" name="MainMethod" finished-at="2024-11-19T13:35:15 IST" duration-ms="7" status="PASS">
          <reporter-output>
            <line>
              <![CDATA[main method]]>
            </line>
          </reporter-output>
        </test-method> <!-- MainMethod -->
        <test-method is-config="true" signature="afterMethod()[pri:0, instance:TestNg.ChronolgyOrders@56620197]" started-at="2024-11-19T13:35:15 IST" name="afterMethod" finished-at="2024-11-19T13:35:15 IST" duration-ms="1" status="PASS">
          <reporter-output>
            <line>
              <![CDATA[Aftermethod is getting Launched]]>
            </line>
          </reporter-output>
        </test-method> <!-- afterMethod -->
        <test-method is-config="true" signature="Afterclass()[pri:0, instance:TestNg.ChronolgyOrders@56620197]" started-at="2024-11-19T13:35:15 IST" name="Afterclass" finished-at="2024-11-19T13:35:15 IST" duration-ms="0" status="PASS">
          <reporter-output>
            <line>
              <![CDATA[AfterClass is getting Launched]]>
            </line>
          </reporter-output>
        </test-method> <!-- Afterclass -->
        <test-method is-config="true" signature="afterTest()[pri:0, instance:TestNg.ChronolgyOrders@56620197]" started-at="2024-11-19T13:35:15 IST" name="afterTest" finished-at="2024-11-19T13:35:15 IST" duration-ms="0" status="PASS">
          <reporter-output>
            <line>
              <![CDATA[AfterTest is getting Launched]]>
            </line>
          </reporter-output>
        </test-method> <!-- afterTest -->
        <test-method is-config="true" signature="Aftersuite()[pri:0, instance:TestNg.ChronolgyOrders@56620197]" started-at="2024-11-19T13:35:15 IST" name="Aftersuite" finished-at="2024-11-19T13:35:15 IST" duration-ms="0" status="PASS">
          <reporter-output>
            <line>
              <![CDATA[AfterSuite is getting Launched]]>
            </line>
          </reporter-output>
        </test-method> <!-- Aftersuite -->
      </class> <!-- TestNg.ChronolgyOrders -->
    </test> <!-- Default test -->
  </suite> <!-- Default suite -->
</testng-results>
