<?xml version="1.0" encoding="UTF-8"?>
<!-- Generated by org.testng.reporters.JUnitXMLReporter -->
<testsuite ignored="0" hostname="DESKTOP-EBG4U9O" failures="0" tests="5" name="Test" time="7.345" errors="0" timestamp="2024-11-19T12:20:09 IST">
  <testcase classname="TestNGExeceution.zomato" name="zomatolaunch" time="4.847"/>
  <testcase classname="TestNGExeceution.KFC" name="kfclaunch" time="5.442"/>
  <testcase classname="TestNGExeceution.Swiggy" name="Swiggylaunch" time="6.207"/>
  <testcase classname="TestNGExeceution.blinkIt" name="blikITlaunch" time="6.707"/>
  <testcase classname="TestNGExeceution.foodPanda" name="FoodPandalaunch" time="7.293"/>
</testsuite> <!-- Test -->
