<?xml version="1.0" encoding="UTF-8"?>
<!-- Generated by org.testng.reporters.JUnitXMLReporter -->
<testsuite ignored="1" hostname="DESKTOP-EBG4U9O" failures="0" tests="4" name="Test" time="14.45" errors="0" timestamp="2024-11-19T12:51:46 IST">
  <testcase classname="TestNGExeceution.blinkIt" name="blikITlaunch" time="4.526"/>
  <testcase classname="TestNGExeceution.KFC" name="kfclaunch" time="2.579"/>
  <testcase classname="TestNGExeceution.zomato" name="zomatolaunch" time="4.194"/>
  <testcase classname="TestNGExeceution.Swiggy" name="Swiggylaunch" time="3.098"/>
  <testcase classname="TestNGExeceution.foodPanda" name="FoodPandalaunch" time="0.0">
    <ignored/>
  </testcase> <!-- FoodPandalaunch -->
</testsuite> <!-- Test -->
